\BOOKMARK [1][-]{section*.1}{\376\377\000L\036\334\000I\000\040\000M\036\336\000\040\001\020\036\246\000U}{}% 1
\BOOKMARK [1][-]{section*.2}{\376\377\000L\036\334\000I\000\040\000C\000A\000M\000\040\001\020\000O\000A\000N}{}% 2
\BOOKMARK [1][-]{section.1}{\376\377\000T\036\324\000N\000G\000\040\000Q\000U\000A\000N\000\040\000V\036\300\000\040\036\350\000N\000G\000\040\000D\036\344\000N\000G\000\040\000T\000H\001\257\001\240\000N\000G\000\040\000M\036\240\000I\000\040\001\020\000I\036\306\000N\000\040\000T\036\354\000\040\000D\000I\000\040\001\020\036\330\000N\000G}{}% 3
\BOOKMARK [2][-]{subsection.1.1}{\376\377\000G\000i\036\333\000i\000\040\000t\000h\000i\036\307\000u}{section.1}% 4
\BOOKMARK [2][-]{subsection.1.2}{\376\377\000T\036\325\000n\000g\000\040\000q\000u\000a\000n\000\040\000h\036\307\000\040\000t\000h\036\321\000n\000g}{section.1}% 5
\BOOKMARK [2][-]{subsection.1.3}{\376\377\000T\000h\000i\036\277\000t\000\040\000k\036\277\000\040\000t\001\260\001\241\000n\000g\000\040\000t\000\341\000c}{section.1}% 6
\BOOKMARK [2][-]{subsection.1.4}{\376\377\000P\000h\001\260\001\241\000n\000g\000\040\000p\000h\000\341\000p\000\040\000t\000i\036\277\000p\000\040\000c\036\255\000n\000\040\000v\000\340\000\040\000g\000i\036\243\000i\000\040\000q\000u\000y\036\277\000t\000\040\000v\036\245\000n\000\040\001\021\036\301}{section.1}% 7
\BOOKMARK [1][-]{section.2}{\376\377\000C\001\240\000\040\000S\036\336\000\040\000L\000\335\000\040\000T\000H\000U\000Y\036\276\000T}{}% 8
\BOOKMARK [2][-]{subsection.2.1}{\376\377\000G\000i\036\333\000i\000\040\000t\000h\000i\036\307\000u}{section.2}% 9
\BOOKMARK [2][-]{subsection.2.2}{\376\377\000M\000\364\000\040\000h\000\354\000n\000h\000\040\000C\000l\000i\000e\000n\000t\000-\000S\000e\000r\000v\000e\000r}{section.2}% 10
\BOOKMARK [2][-]{subsection.2.3}{\376\377\000C\000\364\000n\000g\000\040\000n\000g\000h\036\307\000\040\000B\000a\000c\000k\000e\000n\000d}{section.2}% 11
\BOOKMARK [2][-]{subsection.2.4}{\376\377\000C\000\364\000n\000g\000\040\000n\000g\000h\036\307\000\040\000C\001\241\000\040\000s\036\337\000\040\000d\036\357\000\040\000l\000i\036\307\000u}{section.2}% 12
\BOOKMARK [2][-]{subsection.2.5}{\376\377\000C\000\364\000n\000g\000\040\000n\000g\000h\036\307\000\040\000M\000o\000b\000i\000l\000e}{section.2}% 13
\BOOKMARK [2][-]{subsection.2.6}{\376\377\000C\000\364\000n\000g\000\040\000n\000g\000h\036\307\000\040\000C\000l\000o\000u\000d\000\040\000v\000\340\000\040\000T\000\355\000c\000h\000\040\000h\036\343\000p}{section.2}% 14
\BOOKMARK [2][-]{subsection.2.7}{\376\377\000C\000\364\000n\000g\000\040\000n\000g\000h\036\307\000\040\000A\000I\000/\000M\000L}{section.2}% 15
\BOOKMARK [2][-]{subsection.2.8}{\376\377\000G\000i\000a\000o\000\040\000t\000h\036\351\000c\000\040\000v\000\340\000\040\000B\036\243\000o\000\040\000m\036\255\000t}{section.2}% 16
\BOOKMARK [1][-]{section.3}{\376\377\000P\000H\000\302\000N\000\040\000T\000\315\000C\000H\000\040\000V\000\300\000\040\000T\000H\000I\036\276\000T\000\040\000K\036\276\000\040\000H\036\306\000\040\000T\000H\036\320\000N\000G}{}% 17
\BOOKMARK [2][-]{subsection.3.1}{\376\377\000P\000h\000\342\000n\000\040\000T\000\355\000c\000h\000\040\000H\036\307\000\040\000T\000h\036\321\000n\000g}{section.3}% 18
\BOOKMARK [2][-]{subsection.3.2}{\376\377\000T\000h\000i\036\277\000t\000\040\000K\036\277\000\040\000H\036\307\000\040\000T\000h\036\321\000n\000g}{section.3}% 19
\BOOKMARK [1][-]{section.4}{\376\377\000T\000H\000I\036\276\000T\000\040\000K\036\276\000\040\000C\001\240\000\040\000S\036\336\000\040\000D\036\356\000\040\000L\000I\036\306\000U}{}% 20
\BOOKMARK [2][-]{subsection.4.1}{\376\377\000T\000h\000i\036\277\000t\000\040\000k\036\277\000\040\000s\001\241\000\040\001\021\036\323}{section.4}% 21
\BOOKMARK [2][-]{subsection.4.2}{\376\377\000T\000h\000i\036\277\000t\000\040\000k\036\277\000\040\000c\000h\000i\000\040\000t\000i\036\277\000t\000\040\000C\000o\000l\000l\000e\000c\000t\000i\000o\000n\000\040\000\050\000M\000o\000n\000g\000o\000D\000B\000\051}{section.4}% 22
\BOOKMARK [2][-]{subsection.4.3}{\376\377\000M\000\364\000\040\000h\000\354\000n\000h\000\040\000q\000u\000a\000n\000\040\000h\036\307\000\040\000\050\000S\000c\000h\000e\000m\000a\000\040\000D\000i\000a\000g\000r\000a\000m\000\051}{section.4}% 23
\BOOKMARK [1][-]{section.5}{\376\377\000K\036\276\000T\000\040\000Q\000U\036\242\000\040\000T\000H\036\360\000C\000\040\000N\000G\000H\000I\036\306\000M}{}% 24
\BOOKMARK [2][-]{subsection.5.1}{\376\377\000M\000\364\000i\000\040\000t\000r\001\260\036\335\000n\000g\000\040\000v\000\340\000\040\000C\000\364\000n\000g\000\040\000c\036\345\000\040\000t\000h\036\361\000c\000\040\000n\000g\000h\000i\036\307\000m}{section.5}% 25
\BOOKMARK [2][-]{subsection.5.2}{\376\377\000K\036\277\000t\000\040\000q\000u\036\243\000\040\000t\000r\000i\036\303\000n\000\040\000k\000h\000a\000i\000\040\036\350\000n\000g\000\040\000d\036\345\000n\000g\000\040\000K\000h\000\341\000c\000h\000\040\000h\000\340\000n\000g\000\040\000\050\000M\000o\000b\000i\000l\000e\000\040\000A\000p\000p\000\051}{section.5}% 26
\BOOKMARK [2][-]{subsection.5.3}{\376\377\000K\036\277\000t\000\040\000q\000u\036\243\000\040\000t\000r\000i\036\303\000n\000\040\000k\000h\000a\000i\000\040\000W\000e\000b\000\040\000Q\000u\036\243\000n\000\040\000t\000r\036\313\000\040\000\050\000A\000d\000m\000i\000n\000\040\000D\000a\000s\000h\000b\000o\000a\000r\000d\000\051}{section.5}% 27
\BOOKMARK [1][-]{section.6}{\376\377\000K\036\276\000T\000\040\000L\000U\036\254\000N\000\040\000V\000\300\000\040\000H\001\257\036\332\000N\000G\000\040\000P\000H\000\301\000T\000\040\000T\000R\000I\036\302\000N}{}% 28
\BOOKMARK [2][-]{subsection.6.1}{\376\377\000K\036\277\000t\000\040\000l\000u\036\255\000n}{section.6}% 29
\BOOKMARK [2][-]{subsection.6.2}{\376\377\000H\001\260\036\333\000n\000g\000\040\000p\000h\000\341\000t\000\040\000t\000r\000i\036\303\000n}{section.6}% 30
\BOOKMARK [1][-]{subsection.6.2}{\376\377\000T\000\300\000I\000\040\000L\000I\036\306\000U\000\040\000T\000H\000A\000M\000\040\000K\000H\036\242\000O}{}% 31
